0 info it worked if it ends with ok
1 verbose cli [ 'node',
1 verbose cli   '/usr/local/bin/npm',
1 verbose cli   'install',
1 verbose cli   '-g',
1 verbose cli   'font-awesome-svg-png' ]
2 info using npm@1.4.28
3 info using node@v0.10.35
4 verbose cache add [ 'font-awesome-svg-png', null ]
5 verbose cache add name=undefined spec="font-awesome-svg-png" args=["font-awesome-svg-png",null]
6 verbose parsed url { protocol: null,
6 verbose parsed url   slashes: null,
6 verbose parsed url   auth: null,
6 verbose parsed url   host: null,
6 verbose parsed url   port: null,
6 verbose parsed url   hostname: null,
6 verbose parsed url   hash: null,
6 verbose parsed url   search: null,
6 verbose parsed url   query: null,
6 verbose parsed url   pathname: 'font-awesome-svg-png',
6 verbose parsed url   path: 'font-awesome-svg-png',
6 verbose parsed url   href: 'font-awesome-svg-png' }
7 silly lockFile 84458be4-font-awesome-svg-png font-awesome-svg-png
8 verbose lock font-awesome-svg-png /Users/jzhou/.npm/84458be4-font-awesome-svg-png.lock
9 silly lockFile 84458be4-font-awesome-svg-png font-awesome-svg-png
10 silly lockFile 84458be4-font-awesome-svg-png font-awesome-svg-png
11 verbose addNamed [ 'font-awesome-svg-png', '' ]
12 verbose addNamed [ null, '*' ]
13 silly lockFile c6717e62-font-awesome-svg-png font-awesome-svg-png@
14 verbose lock font-awesome-svg-png@ /Users/jzhou/.npm/c6717e62-font-awesome-svg-png.lock
15 silly addNameRange { name: 'font-awesome-svg-png', range: '*', hasData: false }
16 verbose request where is /font-awesome-svg-png
17 verbose request registry https://registry.npmjs.org/
18 verbose request id 93293f8388364f2a
19 verbose url raw /font-awesome-svg-png
20 verbose url resolving [ 'https://registry.npmjs.org/', './font-awesome-svg-png' ]
21 verbose url resolved https://registry.npmjs.org/font-awesome-svg-png
22 verbose request where is https://registry.npmjs.org/font-awesome-svg-png
23 info trying registry request attempt 1 at 23:52:30
24 http GET https://registry.npmjs.org/font-awesome-svg-png
25 http 200 https://registry.npmjs.org/font-awesome-svg-png
26 silly registry.get cb [ 200,
26 silly registry.get   { date: 'Fri, 20 Feb 2015 07:52:32 GMT',
26 silly registry.get     server: 'CouchDB/1.5.0 (Erlang OTP/R16B03)',
26 silly registry.get     etag: '"6RNW81Z1CLKXF3BEW0FT1BWT4"',
26 silly registry.get     'content-type': 'application/json',
26 silly registry.get     'cache-control': 'max-age=60',
26 silly registry.get     'content-length': '20475',
26 silly registry.get     'accept-ranges': 'bytes',
26 silly registry.get     via: '1.1 varnish',
26 silly registry.get     age: '0',
26 silly registry.get     'x-served-by': 'cache-sjc3132-SJC',
26 silly registry.get     'x-cache': 'MISS',
26 silly registry.get     'x-cache-hits': '0',
26 silly registry.get     'x-timer': 'S1424418752.233048,VS0,VE163',
26 silly registry.get     vary: 'Accept',
26 silly registry.get     'keep-alive': 'timeout=10, max=50',
26 silly registry.get     connection: 'Keep-Alive' } ]
27 silly addNameRange number 2 { name: 'font-awesome-svg-png', range: '*', hasData: true }
28 silly addNameRange versions [ 'font-awesome-svg-png',
28 silly addNameRange   [ '1.0.1',
28 silly addNameRange     '1.0.3',
28 silly addNameRange     '1.0.4',
28 silly addNameRange     '1.0.6',
28 silly addNameRange     '1.0.9',
28 silly addNameRange     '1.0.10',
28 silly addNameRange     '1.0.11',
28 silly addNameRange     '1.0.12',
28 silly addNameRange     '1.0.13',
28 silly addNameRange     '1.0.14',
28 silly addNameRange     '1.0.15',
28 silly addNameRange     '1.0.16',
28 silly addNameRange     '1.1.0',
28 silly addNameRange     '1.1.1',
28 silly addNameRange     '1.1.2' ] ]
29 verbose addNamed [ 'font-awesome-svg-png', '1.1.2' ]
30 verbose addNamed [ '1.1.2', '1.1.2' ]
31 silly lockFile e99edb04-font-awesome-svg-png-1-1-2 font-awesome-svg-png@1.1.2
32 verbose lock font-awesome-svg-png@1.1.2 /Users/jzhou/.npm/e99edb04-font-awesome-svg-png-1-1-2.lock
33 silly lockFile 232e2642-g-font-awesome-svg-png-1-1-2-tgz https://registry.npmjs.org/font-awesome-svg-png/-/font-awesome-svg-png-1.1.2.tgz
34 verbose lock https://registry.npmjs.org/font-awesome-svg-png/-/font-awesome-svg-png-1.1.2.tgz /Users/jzhou/.npm/232e2642-g-font-awesome-svg-png-1-1-2-tgz.lock
35 verbose addRemoteTarball [ 'https://registry.npmjs.org/font-awesome-svg-png/-/font-awesome-svg-png-1.1.2.tgz',
35 verbose addRemoteTarball   'f59f7905f4be75002e5fcae3daca52b40ee56c11' ]
36 info retry fetch attempt 1 at 23:52:31
37 verbose fetch to= /var/folders/qv/s2d95jlj2nv3cz69w6yvgmlm0000gn/T/npm-13049-o_hrkz7t/registry.npmjs.org/font-awesome-svg-png/-/font-awesome-svg-png-1.1.2.tgz
38 http GET https://registry.npmjs.org/font-awesome-svg-png/-/font-awesome-svg-png-1.1.2.tgz
39 http 200 https://registry.npmjs.org/font-awesome-svg-png/-/font-awesome-svg-png-1.1.2.tgz
40 silly lockFile 232e2642-g-font-awesome-svg-png-1-1-2-tgz https://registry.npmjs.org/font-awesome-svg-png/-/font-awesome-svg-png-1.1.2.tgz
41 silly lockFile 232e2642-g-font-awesome-svg-png-1-1-2-tgz https://registry.npmjs.org/font-awesome-svg-png/-/font-awesome-svg-png-1.1.2.tgz
42 silly lockFile e99edb04-font-awesome-svg-png-1-1-2 font-awesome-svg-png@1.1.2
43 silly lockFile e99edb04-font-awesome-svg-png-1-1-2 font-awesome-svg-png@1.1.2
44 silly lockFile c6717e62-font-awesome-svg-png font-awesome-svg-png@
45 silly lockFile c6717e62-font-awesome-svg-png font-awesome-svg-png@
46 silly resolved [ { name: 'font-awesome-svg-png',
46 silly resolved     version: '1.1.2',
46 silly resolved     description: 'Font Awesome split to individual SVG and PNG files of different sizes along with Node.JS based generator',
46 silly resolved     main: 'font-awesome-svg-png',
46 silly resolved     scripts: { test: 'echo "Error: no test specified" && exit 1' },
46 silly resolved     author: { name: 'Damian Kaczmarek', email: 'damian@codecharm.co.uk' },
46 silly resolved     repository:
46 silly resolved      { type: 'git',
46 silly resolved        url: 'https://github.com/CodeCharmLtd/Font-Awesome-SVG-PNG' },
46 silly resolved     bin: { 'font-awesome-svg-png': './font-awesome-svg-png.js' },
46 silly resolved     license: 'MIT',
46 silly resolved     dependencies:
46 silly resolved      { request: '~2.33.0',
46 silly resolved        'js-yaml': '~3.0.1',
46 silly resolved        async: '~0.2.10',
46 silly resolved        'graceful-fs': '~2.0.1',
46 silly resolved        optimist: '~0.6.0',
46 silly resolved        extend: '~1.2.1',
46 silly resolved        svgo: '0.4.4' },
46 silly resolved     gitHead: '75b0607730fc6155962d8cb6876ddd6bfd9391d0',
46 silly resolved     bugs: { url: 'https://github.com/CodeCharmLtd/Font-Awesome-SVG-PNG/issues' },
46 silly resolved     homepage: 'https://github.com/CodeCharmLtd/Font-Awesome-SVG-PNG',
46 silly resolved     _id: 'font-awesome-svg-png@1.1.2',
46 silly resolved     _shasum: 'f59f7905f4be75002e5fcae3daca52b40ee56c11',
46 silly resolved     _from: 'font-awesome-svg-png@',
46 silly resolved     _npmVersion: '1.4.28',
46 silly resolved     _npmUser: { name: 'RushPL', email: 'rush@rushbase.net' },
46 silly resolved     maintainers: [ [Object] ],
46 silly resolved     dist:
46 silly resolved      { shasum: 'f59f7905f4be75002e5fcae3daca52b40ee56c11',
46 silly resolved        tarball: 'http://registry.npmjs.org/font-awesome-svg-png/-/font-awesome-svg-png-1.1.2.tgz' },
46 silly resolved     directories: {},
46 silly resolved     _resolved: 'https://registry.npmjs.org/font-awesome-svg-png/-/font-awesome-svg-png-1.1.2.tgz' } ]
47 info install font-awesome-svg-png@1.1.2 into /usr/local/lib
48 info installOne font-awesome-svg-png@1.1.2
49 verbose lib/node_modules/font-awesome-svg-png unbuild
50 verbose tar unpack /Users/jzhou/.npm/font-awesome-svg-png/1.1.2/package.tgz
51 silly lockFile e4bc54c1-ode-modules-font-awesome-svg-png tar:///usr/local/lib/node_modules/font-awesome-svg-png
52 verbose lock tar:///usr/local/lib/node_modules/font-awesome-svg-png /Users/jzhou/.npm/e4bc54c1-ode-modules-font-awesome-svg-png.lock
53 silly lockFile a00a4e52-wesome-svg-png-1-1-2-package-tgz tar:///Users/jzhou/.npm/font-awesome-svg-png/1.1.2/package.tgz
54 verbose lock tar:///Users/jzhou/.npm/font-awesome-svg-png/1.1.2/package.tgz /Users/jzhou/.npm/a00a4e52-wesome-svg-png-1-1-2-package-tgz.lock
55 silly gunzTarPerm modes [ '755', '644' ]
56 error Error: EACCES, mkdir '/usr/local/lib/node_modules/font-awesome-svg-png'
56 error  { [Error: EACCES, mkdir '/usr/local/lib/node_modules/font-awesome-svg-png']
56 error   errno: 3,
56 error   code: 'EACCES',
56 error   path: '/usr/local/lib/node_modules/font-awesome-svg-png',
56 error   fstream_type: 'Directory',
56 error   fstream_path: '/usr/local/lib/node_modules/font-awesome-svg-png',
56 error   fstream_class: 'DirWriter',
56 error   fstream_stack:
56 error    [ '/usr/local/lib/node_modules/npm/node_modules/fstream/lib/dir-writer.js:36:23',
56 error      '/usr/local/lib/node_modules/npm/node_modules/mkdirp/index.js:46:53',
56 error      'Object.oncomplete (fs.js:108:15)' ] }
57 error Please try running this command again as root/Administrator.
58 error System Darwin 14.1.0
59 error command "node" "/usr/local/bin/npm" "install" "-g" "font-awesome-svg-png"
60 error cwd /Users/jzhou/Git/jezhou.github.io
61 error node -v v0.10.35
62 error npm -v 1.4.28
63 error path /usr/local/lib/node_modules/font-awesome-svg-png
64 error fstream_path /usr/local/lib/node_modules/font-awesome-svg-png
65 error fstream_type Directory
66 error fstream_class DirWriter
67 error code EACCES
68 error errno 3
69 error stack Error: EACCES, mkdir '/usr/local/lib/node_modules/font-awesome-svg-png'
70 error fstream_stack /usr/local/lib/node_modules/npm/node_modules/fstream/lib/dir-writer.js:36:23
70 error fstream_stack /usr/local/lib/node_modules/npm/node_modules/mkdirp/index.js:46:53
70 error fstream_stack Object.oncomplete (fs.js:108:15)
71 verbose exit [ 3, true ]
